>>>> TAPS <<<<

beeftornado/rmtree
caskroom/cask
caskroom/fonts
caskroom/versions
homebrew/core
homebrew/dupes
homebrew/gui
neovim/neovim
buo/cask-upgrade


>>>> Homebrew Packages <<<<

android-platform-tools
bash
brew-rmtree
cmake
ctags
curl
gimp
git
go
htop-osx
less
meld
neovim
node
openssh
openssl
pstree
python
reattach-to-user-namespace
scons
subversion
tcpdump
tmux
tree
valgrind
vim
wget
zsh


>>>> Homebrew-Caskroom Packages <<<<

atom
cyberduck
deluge
diffmerge
docker
dockertoolbox (if 'docker' is not supported on certain hardware or OS X versions)
filezilla
firefox
flickr-uploadr
font-meslo-lg-for-powerline
gimp
google-chrome
google-photos-backup
iterm2
keycastr
kodi
macvim
mongochef
opera
postman
robomongo
skype
sourcetree
spectacle
sublime-text
superduper
unrarx
vagrant
virtualbox
viscosity
visual-studio-code
vivaldi
vlc
vmware-fusion
wakeonlan
wireshark
xquartz

