android-tools-adb
bleachbit
bpfcc-tools
build-essential
cmake
dconf-editor
exuberant-ctags
fbreader
fonts-powerline
gdb
gimp
git
gnome-sushi
gnome-tweaks
gnome-shell-extension-autohidetopbar
# gnome-shell-extension-gsconnect  # Instead, installed through browser extension 'Gnome Shell Integration'
# gnome-shell-extension-gsconnect-browsers
# gnome-shell-extension-weather
gnome-shell-extensions
gnome-weather
gufw
headset
htop
kodi
meld
neovim
open-vm-tools-desktop
pithos
python-pip
rabbitvcs-nautilus
stacer
terminator
tilix
tmux
unity-tweak-tool
valgrind
# vim-gnome
# vim
# xpad
zsh

-------------------------

Install powerline-fonts

    $ sudo apt install fonts-powerline

    or

    $ wget https://github.com/powerline/fonts/archive/master.zip

Install oh-my-zsh

    $ sh -c "$(curl -fsSL https://raw.github.com/robbyrussell/oh-my-zsh/master/tools/install.sh)"

-------------------------

Setup dotfiles

    $ git clone https://github.com/ssreekanth/dotfiles.git
    $ cd dotfiles
    $ ./setup.sh
